[35m[1mConsolidate compiler generated dependencies of target odrive_joint_state_publisher_node[0m
[ 50%] [32mBuilding CXX object CMakeFiles/odrive_joint_state_publisher_node.dir/src/odrive_joint_state_publisher_node.cpp.o[0m
[01m[K/home/nocc/Desktop/3dof_rehab_arm/src/odrive_joint_state_publisher/src/odrive_joint_state_publisher_node.cpp:[m[K In member function â€˜[01m[Kvoid JointStatePublisherNode::execute_trajectory_action(std::shared_ptr<rclcpp_action::ServerGoalHandle<control_msgs::action::FollowJointTrajectory> >)[m[Kâ€™:
[01m[K/home/nocc/Desktop/3dof_rehab_arm/src/odrive_joint_state_publisher/src/odrive_joint_state_publisher_node.cpp:777:65:[m[K [01;31m[Kerror: [m[Kâ€˜[01m[KPREEMPTED[m[Kâ€™ is not a member of â€˜[01m[Kcontrol_msgs::action::FollowJointTrajectory::Result[m[Kâ€™ {aka â€˜[01m[Kcontrol_msgs::action::FollowJointTrajectory_Result_<std::allocator<void> >[m[Kâ€™}
  777 |             result->error_code = FollowJointTrajectory::Result::[01;31m[KPREEMPTED[m[K;
      |                                                                 [01;31m[K^~~~~~~~~[m[K
gmake[2]: *** [CMakeFiles/odrive_joint_state_publisher_node.dir/build.make:76: CMakeFiles/odrive_joint_state_publisher_node.dir/src/odrive_joint_state_publisher_node.cpp.o] Error 1
gmake[1]: *** [CMakeFiles/Makefile2:137: CMakeFiles/odrive_joint_state_publisher_node.dir/all] Error 2
gmake: *** [Makefile:146: all] Error 2
