-- Found ament_cmake: 1.3.11 (/opt/ros/humble/share/ament_cmake/cmake)
-- Found rclcpp: 16.0.12 (/opt/ros/humble/share/rclcpp/cmake)
-- Found rosidl_generator_c: 3.1.6 (/opt/ros/humble/share/rosidl_generator_c/cmake)
-- Found rosidl_adapter: 3.1.6 (/opt/ros/humble/share/rosidl_adapter/cmake)
-- Found rosidl_generator_cpp: 3.1.6 (/opt/ros/humble/share/rosidl_generator_cpp/cmake)
-- Using all available rosidl_typesupport_c: rosidl_typesupport_fastrtps_c;rosidl_typesupport_introspection_c
-- Using all available rosidl_typesupport_cpp: rosidl_typesupport_fastrtps_cpp;rosidl_typesupport_introspection_cpp
-- Found rmw_implementation_cmake: 6.1.2 (/opt/ros/humble/share/rmw_implementation_cmake/cmake)
-- Found rmw_cyclonedds_cpp: 1.3.4 (/opt/ros/humble/share/rmw_cyclonedds_cpp/cmake)
-- Using RMW implementation 'rmw_cyclonedds_cpp' as default
-- Found trajectory_msgs: 4.9.0 (/opt/ros/humble/share/trajectory_msgs/cmake)
-- Configuring done
-- Generating done
-- Build files have been written to: /home/nocc/Desktop/3dof_rehab_arm/build/odrive_can_control
[35m[1mConsolidate compiler generated dependencies of target velocity_controller[0m
[35m[1mConsolidate compiler generated dependencies of target odrive_can_node[0m
[35m[1mConsolidate compiler generated dependencies of target odrive_initializer[0m
[35m[1mConsolidate compiler generated dependencies of target impedance_multi_control[0m
[35m[1mConsolidate compiler generated dependencies of target read_param[0m
[  8%] [32mBuilding CXX object CMakeFiles/test_vel_rviz2.dir/src/test_vel_rviz2.cpp.o[0m
[ 25%] Built target odrive_can_node
[ 41%] Built target read_param
[ 58%] Built target odrive_initializer
[ 75%] Built target velocity_controller
[ 91%] Built target impedance_multi_control
[01m[K/home/nocc/Desktop/3dof_rehab_arm/src/odrive_can_control/src/test_vel_rviz2.cpp:3:10:[m[K [01;31m[Kfatal error: [m[Ksensor_msgs/msg/joint_state.hpp: No such file or directory
    3 | #include [01;31m[K<sensor_msgs/msg/joint_state.hpp>[m[K // ƒê·ªÉ g·ª≠i tr·∫°ng th√°i kh·ªõp
      |          [01;31m[K^~~~~~~~~~~~~~~~~~~~~~~~~~~~~~~~~[m[K
compilation terminated.
gmake[2]: *** [CMakeFiles/test_vel_rviz2.dir/build.make:76: CMakeFiles/test_vel_rviz2.dir/src/test_vel_rviz2.cpp.o] Error 1
gmake[1]: *** [CMakeFiles/Makefile2:277: CMakeFiles/test_vel_rviz2.dir/all] Error 2
gmake: *** [Makefile:146: all] Error 2
